<?xml version="1.0" encoding="UTF-8"?>
<!-- Generated by org.testng.reporters.JUnitReportReporter -->
<testsuite hostname="RAMYAs-MacBook-Air.local" failures="0" tests="3" name="kalyani.websitetest.tests.SubmitOrderTest" time="13.539" errors="0" timestamp="2025-05-29T11:04:04 IST" skipped="0">
  <testcase classname="kalyani.websitetest.tests.SubmitOrderTest" name="submitOrder" time="4.802"/>
  <testcase classname="kalyani.websitetest.tests.SubmitOrderTest" name="submitOrder" time="6.781"/>
  <testcase classname="kalyani.websitetest.tests.SubmitOrderTest" name="ordersList" time="1.956"/>
</testsuite> <!-- kalyani.websitetest.tests.SubmitOrderTest -->
