<?xml version="1.0" encoding="UTF-8"?>
<!-- Generated by org.testng.reporters.JUnitReportReporter -->
<testsuite hostname="RAMYAs-MacBook-Air.local" failures="0" tests="1" name="cucumber.TestngTestRunner" time="3.444" errors="0" timestamp="2025-06-01T15:19:15 IST" skipped="0">
  <testcase classname="cucumber.TestngTestRunner" name="runScenario" time="3.444"/>
</testsuite> <!-- cucumber.TestngTestRunner -->
