<?xml version="1.0" encoding="UTF-8"?>
<!-- Generated by org.testng.reporters.JUnitReportReporter -->
<testsuite hostname="RAMYAs-MacBook-Air.local" failures="0" tests="2" name="kalyani.websitetest.tests.SubmitOrderTest" time="12.524" errors="0" timestamp="2025-05-29T16:07:54 IST" skipped="0">
  <testcase classname="kalyani.websitetest.tests.SubmitOrderTest" name="submitOrder" time="5.423"/>
  <testcase classname="kalyani.websitetest.tests.SubmitOrderTest" name="submitOrder" time="7.101"/>
</testsuite> <!-- kalyani.websitetest.tests.SubmitOrderTest -->
